0 info it worked if it ends with ok
1 verbose cli [ '/usr/bin/node', '/usr/bin/npm', 'install', '-g', 'brunch' ]
2 info using npm@1.4.28
3 info using node@v0.10.40
4 verbose node symlink /usr/bin/node
5 verbose cache add [ 'brunch', null ]
6 verbose cache add name=undefined spec="brunch" args=["brunch",null]
7 verbose parsed url { protocol: null,
7 verbose parsed url   slashes: null,
7 verbose parsed url   auth: null,
7 verbose parsed url   host: null,
7 verbose parsed url   port: null,
7 verbose parsed url   hostname: null,
7 verbose parsed url   hash: null,
7 verbose parsed url   search: null,
7 verbose parsed url   query: null,
7 verbose parsed url   pathname: 'brunch',
7 verbose parsed url   path: 'brunch',
7 verbose parsed url   href: 'brunch' }
8 silly lockFile 58390c40-brunch brunch
9 verbose lock brunch /home/jonc/.npm/58390c40-brunch.lock
10 silly lockFile 58390c40-brunch brunch
11 silly lockFile 58390c40-brunch brunch
12 verbose addNamed [ 'brunch', '' ]
13 verbose addNamed [ null, '*' ]
14 silly lockFile 8098d1eb-brunch brunch@
15 verbose lock brunch@ /home/jonc/.npm/8098d1eb-brunch.lock
16 silly addNameRange { name: 'brunch', range: '*', hasData: false }
17 verbose request where is /brunch
18 verbose request registry https://registry.npmjs.org/
19 verbose request id 061ac1ed2f57898e
20 verbose url raw /brunch
21 verbose url resolving [ 'https://registry.npmjs.org/', './brunch' ]
22 verbose url resolved https://registry.npmjs.org/brunch
23 verbose request where is https://registry.npmjs.org/brunch
24 info trying registry request attempt 1 at 16:17:38
25 verbose etag "6DJM8PF63W0JUUGIJDGWJ8Y5B"
26 http GET https://registry.npmjs.org/brunch
27 http 200 https://registry.npmjs.org/brunch
28 silly registry.get cb [ 200,
28 silly registry.get   { server: 'CouchDB/1.5.0 (Erlang OTP/R16B03)',
28 silly registry.get     etag: '"BQ0947GCBWQHT3VGCOMQITGPF"',
28 silly registry.get     'content-type': 'application/json',
28 silly registry.get     'cache-control': 'max-age=300',
28 silly registry.get     'content-length': '177671',
28 silly registry.get     'accept-ranges': 'bytes',
28 silly registry.get     date: 'Sun, 13 Dec 2015 21:17:38 GMT',
28 silly registry.get     via: '1.1 varnish',
28 silly registry.get     age: '0',
28 silly registry.get     connection: 'keep-alive',
28 silly registry.get     'x-served-by': 'cache-ord1725-ORD',
28 silly registry.get     'x-cache': 'HIT',
28 silly registry.get     'x-cache-hits': '1',
28 silly registry.get     'x-timer': 'S1450041458.222285,VS0,VE37',
28 silly registry.get     vary: 'Accept' } ]
29 silly addNameRange number 2 { name: 'brunch', range: '*', hasData: true }
30 silly addNameRange versions [ 'brunch',
30 silly addNameRange   [ '0.0.1',
30 silly addNameRange     '0.0.2',
30 silly addNameRange     '0.0.3',
30 silly addNameRange     '0.0.4',
30 silly addNameRange     '0.0.5',
30 silly addNameRange     '0.0.6',
30 silly addNameRange     '0.0.7',
30 silly addNameRange     '0.0.8',
30 silly addNameRange     '0.1.0',
30 silly addNameRange     '0.1.1',
30 silly addNameRange     '0.1.3',
30 silly addNameRange     '0.1.4',
30 silly addNameRange     '0.1.5',
30 silly addNameRange     '0.1.6',
30 silly addNameRange     '0.1.7',
30 silly addNameRange     '0.1.8',
30 silly addNameRange     '0.1.9',
30 silly addNameRange     '0.2.0',
30 silly addNameRange     '0.2.1',
30 silly addNameRange     '0.2.2',
30 silly addNameRange     '0.2.3',
30 silly addNameRange     '0.2.4',
30 silly addNameRange     '0.2.6',
30 silly addNameRange     '0.2.7',
30 silly addNameRange     '0.2.8',
30 silly addNameRange     '0.3.0',
30 silly addNameRange     '0.3.1',
30 silly addNameRange     '0.3.2',
30 silly addNameRange     '0.3.4',
30 silly addNameRange     '0.3.5',
30 silly addNameRange     '0.3.6',
30 silly addNameRange     '0.3.7',
30 silly addNameRange     '0.4.0',
30 silly addNameRange     '0.4.1',
30 silly addNameRange     '0.4.2',
30 silly addNameRange     '0.4.3',
30 silly addNameRange     '0.4.4',
30 silly addNameRange     '0.4.5',
30 silly addNameRange     '0.5.1',
30 silly addNameRange     '0.5.2',
30 silly addNameRange     '0.5.3',
30 silly addNameRange     '0.5.4',
30 silly addNameRange     '0.5.5',
30 silly addNameRange     '0.5.6',
30 silly addNameRange     '0.6.0',
30 silly addNameRange     '0.6.1',
30 silly addNameRange     '0.6.2',
30 silly addNameRange     '0.7.0',
30 silly addNameRange     '0.7.1',
30 silly addNameRange     '0.7.2',
30 silly addNameRange     '0.7.3',
30 silly addNameRange     '0.7.4',
30 silly addNameRange     '0.8.0',
30 silly addNameRange     '0.8.1',
30 silly addNameRange     '0.9.0-beta1',
30 silly addNameRange     '0.9.0',
30 silly addNameRange     '0.9.1',
30 silly addNameRange     '1.0.0',
30 silly addNameRange     '1.0.1',
30 silly addNameRange     '1.0.2',
30 silly addNameRange     '1.0.3',
30 silly addNameRange     '1.1.0',
30 silly addNameRange     '1.1.1',
30 silly addNameRange     '1.1.2',
30 silly addNameRange     '1.2.0',
30 silly addNameRange     '1.2.1',
30 silly addNameRange     '1.2.2',
30 silly addNameRange     '1.3.0',
30 silly addNameRange     '1.3.1',
30 silly addNameRange     '1.3.2',
30 silly addNameRange     '1.3.3',
30 silly addNameRange     '1.3.4',
30 silly addNameRange     '1.4.0',
30 silly addNameRange     '1.4.1',
30 silly addNameRange     '1.4.2',
30 silly addNameRange     '1.4.3',
30 silly addNameRange     '1.4.4',
30 silly addNameRange     '1.4.5',
30 silly addNameRange     '1.5.0',
30 silly addNameRange     '1.5.1',
30 silly addNameRange     '1.5.2',
30 silly addNameRange     '1.5.3',
30 silly addNameRange     '1.5.4',
30 silly addNameRange     '1.6.0',
30 silly addNameRange     '1.6.1',
30 silly addNameRange     '1.6.2',
30 silly addNameRange     '1.6.3',
30 silly addNameRange     '1.6.4',
30 silly addNameRange     '1.6.5',
30 silly addNameRange     '1.6.6',
30 silly addNameRange     '1.6.7',
30 silly addNameRange     '1.7.0',
30 silly addNameRange     '1.7.1',
30 silly addNameRange     '1.7.2',
30 silly addNameRange     '1.7.3',
30 silly addNameRange     '1.7.4',
30 silly addNameRange     '1.7.5',
30 silly addNameRange     '1.7.6',
30 silly addNameRange     '1.7.7',
30 silly addNameRange     '1.7.8',
30 silly addNameRange     '1.7.9',
30 silly addNameRange     '1.7.10',
30 silly addNameRange     '1.7.12',
30 silly addNameRange     '1.7.13',
30 silly addNameRange     '1.7.14',
30 silly addNameRange     '1.7.15',
30 silly addNameRange     '1.7.16',
30 silly addNameRange     '1.7.17',
30 silly addNameRange     '1.7.18',
30 silly addNameRange     '1.7.19',
30 silly addNameRange     '1.7.20',
30 silly addNameRange     '1.8.0',
30 silly addNameRange     '1.8.1',
30 silly addNameRange     '1.8.2',
30 silly addNameRange     '1.8.3',
30 silly addNameRange     '1.8.4',
30 silly addNameRange     '1.8.5',
30 silly addNameRange     '2.0.0',
30 silly addNameRange     '2.0.1',
30 silly addNameRange     '2.0.2',
30 silly addNameRange     '2.0.3',
30 silly addNameRange     '2.0.4' ] ]
31 verbose addNamed [ 'brunch', '2.0.4' ]
32 verbose addNamed [ '2.0.4', '2.0.4' ]
33 silly lockFile f437f119-brunch-2-0-4 brunch@2.0.4
34 verbose lock brunch@2.0.4 /home/jonc/.npm/f437f119-brunch-2-0-4.lock
35 silly lockFile a8d86622-pmjs-org-brunch-brunch-2-0-4-tgz https://registry.npmjs.org/brunch/-/brunch-2.0.4.tgz
36 verbose lock https://registry.npmjs.org/brunch/-/brunch-2.0.4.tgz /home/jonc/.npm/a8d86622-pmjs-org-brunch-brunch-2-0-4-tgz.lock
37 verbose addRemoteTarball [ 'https://registry.npmjs.org/brunch/-/brunch-2.0.4.tgz',
37 verbose addRemoteTarball   '9b57bdc8af2620829b1324597b701614e0a56fab' ]
38 info retry fetch attempt 1 at 16:17:38
39 verbose fetch to= /tmp/npm-27712-cNWoMM41/registry.npmjs.org/brunch/-/brunch-2.0.4.tgz
40 http GET https://registry.npmjs.org/brunch/-/brunch-2.0.4.tgz
41 http 200 https://registry.npmjs.org/brunch/-/brunch-2.0.4.tgz
42 silly lockFile a8d86622-pmjs-org-brunch-brunch-2-0-4-tgz https://registry.npmjs.org/brunch/-/brunch-2.0.4.tgz
43 silly lockFile a8d86622-pmjs-org-brunch-brunch-2-0-4-tgz https://registry.npmjs.org/brunch/-/brunch-2.0.4.tgz
44 silly lockFile f437f119-brunch-2-0-4 brunch@2.0.4
45 silly lockFile f437f119-brunch-2-0-4 brunch@2.0.4
46 silly lockFile 8098d1eb-brunch brunch@
47 silly lockFile 8098d1eb-brunch brunch@
48 silly resolved [ { name: 'brunch',
48 silly resolved     description: 'A lightweight approach to building HTML5 applications with emphasis on elegance and simplicity',
48 silly resolved     version: '2.0.4',
48 silly resolved     keywords:
48 silly resolved      [ 'assembler',
48 silly resolved        'builder',
48 silly resolved        'stack',
48 silly resolved        'chaplin',
48 silly resolved        'backbone',
48 silly resolved        'ember',
48 silly resolved        'angular',
48 silly resolved        'html5' ],
48 silly resolved     homepage: 'http://brunch.io/',
48 silly resolved     author: { name: 'Brunch team', url: 'http://brunch.io' },
48 silly resolved     repository: { type: 'git', url: 'git+https://github.com/brunch/brunch.git' },
48 silly resolved     bugs: { url: 'http://github.com/brunch/brunch/issues' },
48 silly resolved     license: 'MIT',
48 silly resolved     main: './lib/index',
48 silly resolved     bin: { brunch: './bin/brunch' },
48 silly resolved     scripts: { test: 'mocha --compilers coffee:coffee-script/register --require test/common.js --colors' },
48 silly resolved     preferGlobal: true,
48 silly resolved     dependencies:
48 silly resolved      { anymatch: '~1.3.0',
48 silly resolved        anysort: '~1.0.0',
48 silly resolved        chokidar: '~1.4.0',
48 silly resolved        'coffee-script': '~1.10.0',
48 silly resolved        commander: '~2.9.0',
48 silly resolved        'commonjs-require-definition': '~0.2.0',
48 silly resolved        debug: '~2.2.0',
48 silly resolved        deppack: '~0.1.0',
48 silly resolved        fcache: '~0.1.0',
48 silly resolved        'init-skeleton': '~0.7.0',
48 silly resolved        loggy: '~0.2.0',
48 silly resolved        mkdirp: '~0.5.0',
48 silly resolved        pushserve: '^1.0.0',
48 silly resolved        'quickly-copy-file': '~0.1.0',
48 silly resolved        'read-components': '~0.6.0',
48 silly resolved        'source-map': '~0.5.0' },
48 silly resolved     devDependencies:
48 silly resolved      { mocha: '~2.3.4',
48 silly resolved        chai: '~3.4.1',
48 silly resolved        rewire: '~2.5.0',
48 silly resolved        express: '~3.3.0' },
48 silly resolved     gitHead: 'ae5ffd4a77f93ed531b95b60293ad17ee11316e0',
48 silly resolved     _id: 'brunch@2.0.4',
48 silly resolved     _shasum: '9b57bdc8af2620829b1324597b701614e0a56fab',
48 silly resolved     _from: 'brunch@',
48 silly resolved     _npmVersion: '3.3.12',
48 silly resolved     _nodeVersion: '5.1.1',
48 silly resolved     _npmUser: { name: 'paulmillr', email: 'paul@paulmillr.com' },
48 silly resolved     maintainers: [ [Object], [Object], [Object], [Object] ],
48 silly resolved     dist:
48 silly resolved      { shasum: '9b57bdc8af2620829b1324597b701614e0a56fab',
48 silly resolved        tarball: 'http://registry.npmjs.org/brunch/-/brunch-2.0.4.tgz' },
48 silly resolved     directories: {},
48 silly resolved     _resolved: 'https://registry.npmjs.org/brunch/-/brunch-2.0.4.tgz' } ]
49 info install brunch@2.0.4 into /usr/lib
50 info installOne brunch@2.0.4
51 verbose lib/node_modules/brunch unbuild
52 verbose tar unpack /home/jonc/.npm/brunch/2.0.4/package.tgz
53 silly lockFile e36b81df-tar-usr-lib-node-modules-brunch tar:///usr/lib/node_modules/brunch
54 verbose lock tar:///usr/lib/node_modules/brunch /home/jonc/.npm/e36b81df-tar-usr-lib-node-modules-brunch.lock
55 silly lockFile 021875ef-onc-npm-brunch-2-0-4-package-tgz tar:///home/jonc/.npm/brunch/2.0.4/package.tgz
56 verbose lock tar:///home/jonc/.npm/brunch/2.0.4/package.tgz /home/jonc/.npm/021875ef-onc-npm-brunch-2-0-4-package-tgz.lock
57 silly gunzTarPerm modes [ '775', '664' ]
58 error Error: EACCES, mkdir '/usr/lib/node_modules/brunch'
58 error  { [Error: EACCES, mkdir '/usr/lib/node_modules/brunch']
58 error   errno: 3,
58 error   code: 'EACCES',
58 error   path: '/usr/lib/node_modules/brunch',
58 error   fstream_type: 'Directory',
58 error   fstream_path: '/usr/lib/node_modules/brunch',
58 error   fstream_class: 'DirWriter',
58 error   fstream_stack:
58 error    [ '/usr/lib/node_modules/npm/node_modules/fstream/lib/dir-writer.js:36:23',
58 error      '/usr/lib/node_modules/npm/node_modules/mkdirp/index.js:46:53',
58 error      'Object.oncomplete (fs.js:108:15)' ] }
59 error Please try running this command again as root/Administrator.
60 error System Linux 4.2.0-19-generic
61 error command "/usr/bin/node" "/usr/bin/npm" "install" "-g" "brunch"
62 error cwd /home/jonc/Projects/codemash2016
63 error node -v v0.10.40
64 error npm -v 1.4.28
65 error path /usr/lib/node_modules/brunch
66 error fstream_path /usr/lib/node_modules/brunch
67 error fstream_type Directory
68 error fstream_class DirWriter
69 error code EACCES
70 error errno 3
71 error stack Error: EACCES, mkdir '/usr/lib/node_modules/brunch'
72 error fstream_stack /usr/lib/node_modules/npm/node_modules/fstream/lib/dir-writer.js:36:23
72 error fstream_stack /usr/lib/node_modules/npm/node_modules/mkdirp/index.js:46:53
72 error fstream_stack Object.oncomplete (fs.js:108:15)
73 verbose exit [ 3, true ]
